Flat profile:

Each sample counts as 0.01 seconds.
  %   cumulative   self              self     total           
 time   seconds   seconds    calls  us/call  us/call  name    
100.83      9.58     9.58    80000   119.73   119.73  loop
  0.11      9.59     0.01    40000     0.25   119.99  funcB
  0.00      9.59     0.00    40001     0.00   119.73  funcA

			Call graph


granularity: each sample hit covers 2 byte(s) for 0.10% of 9.59 seconds

index % time    self  children    called     name
[1]    100.0    0.01    9.58       1+80000   <cycle 1 as a whole> [1]
                0.01    4.79   40000             funcB <cycle 1> [4]
                0.00    4.79   40001             funcA <cycle 1> [5]
-----------------------------------------------
                                                 <spontaneous>
[2]    100.0    0.00    9.59                 main [2]
                0.01    9.58       1/1           funcA <cycle 1> [5]
-----------------------------------------------
                4.79    0.00   40000/80000       funcA <cycle 1> [5]
                4.79    0.00   40000/80000       funcB <cycle 1> [4]
[3]     99.9    9.58    0.00   80000         loop [3]
-----------------------------------------------
                               40000             funcA <cycle 1> [5]
[4]     50.1    0.01    4.79   40000         funcB <cycle 1> [4]
                4.79    0.00   40000/80000       loop [3]
                               40000             funcA <cycle 1> [5]
-----------------------------------------------
                               40000             funcB <cycle 1> [4]
                0.01    9.58       1/1           main [2]
[5]     49.9    0.00    4.79   40001         funcA <cycle 1> [5]
                4.79    0.00   40000/80000       loop [3]
                               40000             funcB <cycle 1> [4]
-----------------------------------------------

Index by function name

   [5] funcA                   [3] loop
   [4] funcB                   [1] <cycle 1>
