Flat profile:

Each sample counts as 0.01 seconds.
  %   cumulative   self              self     total           
 time   seconds   seconds    calls  us/call  us/call  name    
100.88     19.15    19.15    80000   239.34   239.34  loop
  0.05     19.16     0.01    40001     0.25   239.59  funcA
  0.00     19.16     0.00    40000     0.00   239.34  funcB

			Call graph


granularity: each sample hit covers 2 byte(s) for 0.05% of 19.16 seconds

index % time    self  children    called     name
[1]    100.0    0.01   19.15       1+80000   <cycle 1 as a whole> [1]
                0.01    9.57   40001             funcA <cycle 1> [4]
                0.00    9.57   40000             funcB <cycle 1> [5]
-----------------------------------------------
                                                 <spontaneous>
[2]    100.0    0.00   19.16                 main [2]
                0.01   19.15       1/1           funcA <cycle 1> [4]
-----------------------------------------------
                9.57    0.00   40000/80000       funcA <cycle 1> [4]
                9.57    0.00   40000/80000       funcB <cycle 1> [5]
[3]     99.9   19.15    0.00   80000         loop [3]
-----------------------------------------------
                               40000             funcB <cycle 1> [5]
                0.01   19.15       1/1           main [2]
[4]     50.0    0.01    9.57   40001         funcA <cycle 1> [4]
                9.57    0.00   40000/80000       loop [3]
                               40000             funcB <cycle 1> [5]
-----------------------------------------------
                               40000             funcA <cycle 1> [4]
[5]     50.0    0.00    9.57   40000         funcB <cycle 1> [5]
                9.57    0.00   40000/80000       loop [3]
                               40000             funcA <cycle 1> [4]
-----------------------------------------------

Index by function name

   [4] funcA                   [3] loop
   [5] funcB                   [1] <cycle 1>
